# JRE version: Java(TM) SE Runtime Environment (9.0+11) (build 9.0.1+11)
# Java VM: Java HotSpot(TM) 64-Bit Server VM (9.0.1+11, mixed mode, tiered, compressed oops, g1 gc, linux-amd64)
Heap:
 garbage-first heap   total 1034240K, used 95064K [0x0000000080000000, 0x0000000080101f90, 0x0000000100000000)
  region size 1024K, 19 young (19456K), 19 survivors (19456K)
 Metaspace       used 6827K, capacity 6990K, committed 7040K, reserved 1056768K
  class space    used 561K, capacity 606K, committed 640K, reserved 1048576K
GC Heap History (10 events):
Event: 0.717 GC heap after
{Heap after GC invocations=7 (full 0):
 garbage-first heap   total 178176K, used 50882K [0x0000000080000000, 0x0000000080100570, 0x0000000100000000)
  region size 1024K, 3 young (3072K), 3 survivors (3072K)
 Metaspace       used 6805K, capacity 6926K, committed 7040K, reserved 1056768K
  class space    used 561K, capacity 606K, committed 640K, reserved 1048576K
}
Event: 0.846 GC heap before
{Heap before GC invocations=7 (full 0):
 garbage-first heap   total 178176K, used 83650K [0x0000000080000000, 0x0000000080100570, 0x0000000100000000)
  region size 1024K, 35 young (35840K), 3 survivors (3072K)
 Metaspace       used 6822K, capacity 6926K, committed 7040K, reserved 1056768K
  class space    used 561K, capacity 606K, committed 640K, reserved 1048576K
}
Event: 0.860 GC heap after
{Heap after GC invocations=8 (full 0):
 garbage-first heap   total 534528K, used 55106K [0x0000000080000000, 0x0000000080101050, 0x0000000100000000)
  region size 1024K, 3 young (3072K), 3 survivors (3072K)
 Metaspace       used 6822K, capacity 6926K, committed 7040K, reserved 1056768K
  class space    used 561K, capacity 606K, committed 640K, reserved 1048576K
}
Event: 1.176 GC heap before
{Heap before GC invocations=8 (full 0):
 garbage-first heap   total 534528K, used 110402K [0x0000000080000000, 0x0000000080101050, 0x0000000100000000)
  region size 1024K, 56 young (57344K), 3 survivors (3072K)
 Metaspace       used 6823K, capacity 6926K, committed 7040K, reserved 1056768K
  class space    used 561K, capacity 606K, committed 640K, reserved 1048576K
}
Event: 1.210 GC heap after
{Heap after GC invocations=9 (full 0):
 garbage-first heap   total 534528K, used 59890K [0x0000000080000000, 0x0000000080101050, 0x0000000100000000)
  region size 1024K, 7 young (7168K), 7 survivors (7168K)
 Metaspace       used 6823K, capacity 6926K, committed 7040K, reserved 1056768K
  class space    used 561K, capacity 606K, committed 640K, reserved 1048576K
}
Event: 1.557 GC heap before
{Heap before GC invocations=9 (full 0):
 garbage-first heap   total 534528K, used 139762K [0x0000000080000000, 0x0000000080101050, 0x0000000100000000)
  region size 1024K, 84 young (86016K), 7 survivors (7168K)
 Metaspace       used 6827K, capacity 6990K, committed 7040K, reserved 1056768K
  class space    used 561K, capacity 606K, committed 640K, reserved 1048576K
}
Event: 1.601 GC heap after
{Heap after GC invocations=10 (full 0):
 garbage-first heap   total 534528K, used 66770K [0x0000000080000000, 0x0000000080101050, 0x0000000100000000)
  region size 1024K, 10 young (10240K), 10 survivors (10240K)
 Metaspace       used 6827K, capacity 6990K, committed 7040K, reserved 1056768K
  class space    used 561K, capacity 606K, committed 640K, reserved 1048576K
}
Event: 1.920 GC heap before
{Heap before GC invocations=10 (full 0):
 garbage-first heap   total 534528K, used 196818K [0x0000000080000000, 0x0000000080101050, 0x0000000100000000)
  region size 1024K, 132 young (135168K), 10 survivors (10240K)
 Metaspace       used 6827K, capacity 6990K, committed 7040K, reserved 1056768K
  class space    used 561K, capacity 606K, committed 640K, reserved 1048576K
}
Event: 1.965 GC heap after
{Heap after GC invocations=11 (full 0):
 garbage-first heap   total 534528K, used 81221K [0x0000000080000000, 0x0000000080101050, 0x0000000100000000)
  region size 1024K, 15 young (15360K), 15 survivors (15360K)
 Metaspace       used 6827K, capacity 6990K, committed 7040K, reserved 1056768K
  class space    used 561K, capacity 606K, committed 640K, reserved 1048576K
}
Event: 2.288 GC heap before
{Heap before GC invocations=11 (full 0):
 garbage-first heap   total 534528K, used 224581K [0x0000000080000000, 0x0000000080101050, 0x0000000100000000)
  region size 1024K, 151 young (154624K), 15 survivors (15360K)
 Metaspace       used 6827K, capacity 6990K, committed 7040K, reserved 1056768K
  class space    used 561K, capacity 606K, committed 640K, reserved 1048576K
}

